ncsim(64) 14.10-s005
Linux 2.6.32-431.el6.x86_64 #1 SMP Fri Nov 22 03:15:09 UTC 2013 x86_64
CPU cores: 24
Limit information:
======================================
cputime			unlimited
filesize		unlimited
datasize		unlimited
stacksize		10240 kbytes
coredumpsize	0 kbytes
memoryuse		unlimited
vmemoryuse		unlimited
descriptors		4096
memorylocked	64 kbytes
maxproc			1024
======================================
(Special)Runtime environment variables:

Runtime environment variables:
HOSTNAME=ideal125
SELINUX_ROLE_REQUESTED=
TERM=xterm
SHELL=/bin/sh
HISTSIZE=1000
SSH_CLIENT=140.116.245.113 61636 22
SELINUX_USE_CURRENT_RANGE=
QTDIR=/usr/lib64/qt-3.3
QTINC=/usr/lib64/qt-3.3/include
SSH_TTY=/dev/pts/8
USER=yuhong
LS_COLORS=rs=0:di=01;34:ln=01;36:mh=00:pi=40;33:so=01;35:do=01;35:bd=40;33;01:cd=40;33;01:or=40;31;01:mi=01;05;37;41:su=37;41:sg=30;43:ca=30;41:tw=30;42:ow=34;42:st=37;44:ex=01;32:*.tar=01;31:*.tgz=01;31:*.arj=01;31:*.taz=01;31:*.lzh=01;31:*.lzma=01;31:*.tlz=01;31:*.txz=01;31:*.zip=01;31:*.z=01;31:*.Z=01;31:*.dz=01;31:*.gz=01;31:*.lz=01;31:*.xz=01;31:*.bz2=01;31:*.tbz=01;31:*.tbz2=01;31:*.bz=01;31:*.tz=01;31:*.deb=01;31:*.rpm=01;31:*.jar=01;31:*.rar=01;31:*.ace=01;31:*.zoo=01;31:*.cpio=01;31:*.7z=01;31:*.rz=01;31:*.jpg=01;35:*.jpeg=01;35:*.gif=01;35:*.bmp=01;35:*.pbm=01;35:*.pgm=01;35:*.ppm=01;35:*.tga=01;35:*.xbm=01;35:*.xpm=01;35:*.tif=01;35:*.tiff=01;35:*.png=01;35:*.svg=01;35:*.svgz=01;35:*.mng=01;35:*.pcx=01;35:*.mov=01;35:*.mpg=01;35:*.mpeg=01;35:*.m2v=01;35:*.mkv=01;35:*.ogm=01;35:*.mp4=01;35:*.m4v=01;35:*.mp4v=01;35:*.vob=01;35:*.qt=01;35:*.nuv=01;35:*.wmv=01;35:*.asf=01;35:*.rm=01;35:*.rmvb=01;35:*.flc=01;35:*.avi=01;35:*.fli=01;35:*.flv=01;35:*.gl=01;35:*.dl=01;35:*.xcf=01;35:*.xwd=01;35:*.yuv=01;35:*.cgm=01;35:*.emf=01;35:*.axv=01;35:*.anx=01;35:*.ogv=01;35:*.ogx=01;35:*.aac=01;36:*.au=01;36:*.flac=01;36:*.mid=01;36:*.midi=01;36:*.mka=01;36:*.mp3=01;36:*.mpc=01;36:*.ogg=01;36:*.ra=01;36:*.wav=01;36:*.axa=01;36:*.oga=01;36:*.spx=01;36:*.xspf=01;36:
MAIL=/var/spool/mail/yuhong
PATH=/usr/cad/cadence/INCISIV/cur/tools/bin/64bit:/usr/cad/cadence/INCISIV/cur/tools/bin/64bit:/usr/cad/cadence/INCISIV/cur/tools/bin/64bit:/usr/cad/CBDK/CBDK018_UMC_Faraday_v1.0/CIC/Memory/ftclib_200901.2.1/EXE:/opt/RISCV/bin:/usr/cad/cadence/INNOVUS/cur/tools/celtic/bin:/usr/cad/cadence/INNOVUS/cur/tools/plato/bin:/usr/cad/cadence/INNOVUS/cur/tools/dfII/bin:/usr/cad/cadence/INNOVUS/cur/tools/bin:/usr/cad/cadence/INNOVUS/cur//tools/tlfUtil/bin:/usr/cad/cadence/JASPER/cur/bin:/home/nfs_cad/synopsys/icc/cur/amd64/syn/bin:/usr/bin/X11:/home/nfs_cad/synopsys/synthesis/cur/amd64/syn/bin:/home/nfs_cad/synopsys/cosmos_scope/cur/ai_bin:/usr/cad/synopsys/hspice/2015.06/hspice/bin:/usr/cad/synopsys/hspice/2015.06/hspice/GNU/linux64/gcc-4.8.3/bin:/usr/cad/synopsys/hspice/2015.06/hspice/linux64:/usr/bin:/usr/ucb/bin:/home/nfs_cad/synopsys/verdi/cur/bin:/home/nfs_cad/synopsys/verdi/cur/nLint/bin:/usr/cad/cadence/INCISIV/cur/tools/bin:/usr/cad/cadence/INCISIV/cur/tools/vtools/vfault/bin:/usr/cad/cadence/INCISIV/cur/tools/dfII/bin:/home/nfs_cad/mentor/modelsim/10.2/modeltech/bin:/usr/lib64/qt-3.3/bin:/usr/local/bin:/bin:/usr/bin:/usr/local/sbin:/usr/sbin:/sbin
PWD=/home/yuhong/summer2019/files/LAB5/src
SELINUX_LEVEL_REQUESTED=
SSH_ASKPASS=/usr/libexec/openssh/gnome-ssh-askpass
HISTCONTROL=ignoredups
SHLVL=2
HOME=/home/yuhong
LANGUAGE=en_US.UTF-8
LOGNAME=yuhong
QTLIB=/usr/lib64/qt-3.3/lib
CVS_RSH=ssh
SSH_CONNECTION=140.116.245.113 61636 140.116.245.125 22
LESSOPEN=|/usr/bin/lesspipe.sh %s
DISPLAY=localhost:18.0
G_BROKEN_FILENAMES=1
_=/bin/tcsh
HOSTTYPE=x86_64-linux
VENDOR=unknown
OSTYPE=linux
MACHTYPE=x86_64
GROUP=users
HOST=ideal125
REMOTEHOST=140.116.245.113
LM_LICENSE_FILE=27000@vlsicad8:26585@lsncku:5280@lscic:5280@lsncu:5280@lsntu:1717@lsncku
MTI_VCO_MODE=64
MGC_HOME=/home/nfs_cad/mentor/modelsim/10.2
MGC_TMPDIR=/tmp
MGC_LOCATION_MAP=NO_MAP
LD_LIBRARY_PATH=:/usr/cad/cadence/INNOVUS/cur//tools/tlfUtil/lib:/usr/cad/synopsys/hspice/2015.06/hspice/linux64/interfaces:/home/nfs_cad/synopsys/verdi/cur/share/PLI/IUS/LINUX64/:/usr/cad/cadence/INCISIV/cur/tools/lib/64bit:/usr/cad/cadence/INCISIV/cur/tools/lib:/usr/cad/cadence/INCISIV/cur/tools/vtools/vfault/lib:/usr/openwin/lib:/usr/dt/lib:/usr/lib:/usr/local/lib
SHLIB_PATH=/home/nfs_cad/synopsys/verdi/cur/share/PLI/IUS/LINUX64
installdir=/usr/cad/synopsys/hspice/2015.06/hspice
ARCH=linux64
CMIARCH=RH
mraarch=linux64
TMIARCH=RH
HSP_HOME=/usr/cad/synopsys/hspice/2015.06/hspice
SNPS_PLATFORM=linux64
HSP_GCC=/usr/cad/synopsys/hspice/2015.06/hspice/GNU/linux64/gcc-4.8.3/bin/gcc -m64 
SNPS_64=1
HSP_GCC_VERSION=4.8.3
CDS_LOAD_ENV=CSF
SYNTHESIS=/home/nfs_cad/synopsys/synthesis/cur
SYNOPSYS=/home/nfs_cad/synopsys/icc/cur
SYN_MAN_DIR=/home/nfs_cad/synopsys/synthesis/cur/doc/syn/man
MANPATH=/home/nfs_cad/synopsys/synthesis/cur/doc/syn/man
ENCOUNTER=/usr/cad/cadence/INNOVUS/cur/tools/fe
OA_HOME=/usr/cad/cadence/INNOVUS/cur/oa
_IRUNROOT_=/usr/cad/cadence/INCISIV/cur/tools
CDS_ARCH=lnx86
NCRUNMODE=ncverilog:./INCA_libs/irun.lnx8664.14.10.nc
IRUNBATCH=FALSE
IMPERAS_PORT_FILE=.vsp_ovp_gdb_port
TCL_LIBRARY=/usr/cad/cadence/INCISIV/cur/tools/inca/files/tcl/library
Runtime command line arguments:
argv[0]=ncverilog
argv[1]=-f
argv[2]=pre.f
argv[3]=conv_tb.v
argv[4]=+define+FSDB
argv[5]=+nc64bit
argv[6]=+access+r
93 profile - 100
          CPU/Mem usage: 0.040 sys,  0.040 user,  90.44M sys,  0.00M vm
94 VC callback profile - scalar:0 vector:0
95 Fri Oct 25 16:47:38 2019
96 pliAppInit
97 FSDB_GATE is disabled.
98 Enable Parallel Dumping.
99 pliAppMiscSet: New Sim Round
100 pliEntryInit
101 LIBSSCORE=found /home/nfs_cad/synopsys/verdi/cur/share/PLI/IUS/LINUX64/libsscore_ius141.so through $LD_LIBRARY_PATH setting.
102 argv[0]: top.fsdb
103 argv[0]: 0
104 argv[1]: (handle)0x423fbd8 top_tb.TOP
105 FSDB Dumper for IUS, Release Verdi_O-2018.09, Linux x86_64/64bit, 08/30/2018
106 (C) 1996 - 2018 by Synopsys, Inc.
107 sps_call_fsdbDumpfile at 0 : /home/yuhong/summer2019/files/LAB5/src/conv_tb.v(143)
108 argv[0]: top.fsdb
109 *Verdi* FSDB WARNING: The FSDB file already exists. Overwriting the FSDB file may crash the programs that are using this file.
110 *Verdi* : Create FSDB file 'top.fsdb'
111 sps_call_fsdbDumpvars at 0 : /home/yuhong/summer2019/files/LAB5/src/conv_tb.v(144)
112 argv[0]: 0
113 argv[1]: (handle)0x423fbc8 top_tb.TOP
114 *Verdi* : Begin traversing the scope (top_tb.TOP), layer (0).
115 *Verdi* : End of traversing.
116 fsdbDumpvars traverse var: profile - 
          CPU/Mem usage: 0.050 sys,  0.060 user,  177.71M sys,  0.00M vm
                   incr: 0.000 sys,  0.010 user,  4.17M sys,  0.00M vm
                   accu: 0.000 sys,  0.010 user,  4.17M sys,  0.00M vm
              accu incr: 0.000 sys,  0.010 user,  4.17M sys,  0.00M vm

          Count usage: 40 var,  40 idcode,  40 callback
                 incr: 40 var,  40 idcode,  40 callback
                 accu: 40 var,  40 idcode,  40 callback
            accu incr: 40 var,  40 idcode,  40 callback
117 VC callback profile - scalar:0 vector:0
118 Fri Oct 25 16:47:39 2019
119 fsdbDumpvars: profile - 
          CPU/Mem usage: 0.050 sys,  0.060 user,  178.77M sys,  0.00M vm
                   incr: 0.000 sys,  0.000 user,  1.05M sys,  0.00M vm
                   accu: 0.000 sys,  0.010 user,  5.22M sys,  0.00M vm
              accu incr: 0.000 sys,  0.000 user,  1.05M sys,  0.00M vm

          Count usage: 40 var,  40 idcode,  40 callback
                 incr: 0 var,  0 idcode,  0 callback
                 accu: 40 var,  40 idcode,  40 callback
            accu incr: 0 var,  0 idcode,  0 callback
120 VC callback profile - scalar:19 vector:21
121 Fri Oct 25 16:47:39 2019
122 sps_call_fsdbDumpMDA at 0 : /home/yuhong/summer2019/files/LAB5/src/conv_tb.v(145)
123 *Verdi* : Begin traversing the MDAs, layer (0).
124 *Verdi* : Enable +mda and +packedmda dumping.
125 *Verdi* : End of traversing the MDAs.
126 fsdbDumpMDA traverse var: profile - 
          CPU/Mem usage: 0.050 sys,  0.120 user,  180.31M sys,  0.00M vm
                   incr: 0.000 sys,  0.060 user,  1.54M sys,  0.00M vm
                   accu: 0.000 sys,  0.060 user,  1.54M sys,  0.00M vm
              accu incr: 0.000 sys,  0.060 user,  1.54M sys,  0.00M vm

          Count usage: 9923 var,  9923 idcode,  9925 callback
                 incr: 9883 var,  9883 idcode,  9885 callback
                 accu: 9883 var,  9883 idcode,  9885 callback
            accu incr: 9883 var,  9883 idcode,  9885 callback
127 VC callback profile - scalar:19 vector:21
128 Fri Oct 25 16:47:39 2019
129 fsdbDumpMDA: profile - 
          CPU/Mem usage: 0.050 sys,  0.120 user,  180.72M sys,  0.00M vm
                   incr: 0.000 sys,  0.000 user,  0.41M sys,  0.00M vm
                   accu: 0.000 sys,  0.060 user,  1.96M sys,  0.00M vm
              accu incr: 0.000 sys,  0.000 user,  0.41M sys,  0.00M vm

          Count usage: 9923 var,  9923 idcode,  9925 callback
                 incr: 0 var,  0 idcode,  0 callback
                 accu: 9883 var,  9883 idcode,  9885 callback
            accu incr: 0 var,  0 idcode,  0 callback
130 VC callback profile - scalar:19 vector:9904
131 Fri Oct 25 16:47:39 2019
132 End of simulation at 855500
133 VC callback profile - scalar:3399 vector:64449
134 Fri Oct 25 16:47:39 2019
135 Begin FSDB profile info:
136 FSDB Writer : bc1(3399) bcn(64449) mtf/stf(0/0)
FSDB Writer elapsed time : flush(0.060955) io wait(0.000000) theadpool wait(0.000000) target functin(0.000000)
FSDB Writer cpu time : MT Compression : 0
137 End FSDB profile info
138 Parallel profile    -  Flush:4 Expand:0 ProduceWait:0 ConsumerWait:0 BlockUsed:0
139                        ProduceTime:0.261125899 ConsumerTime:0.000000000 Buffer:64MB
140 SimExit
141 Sim process exit
